#
# There is insufficient memory for the Java Runtime Environment to continue.
# Native memory allocation (mmap) failed to map 532676608 bytes. Error detail: G1 virtual space
# Possible reasons:
#   The system is out of physical RAM or swap space
#   This process is running with CompressedOops enabled, and the Java Heap may be blocking the growth of the native heap
# Possible solutions:
#   Reduce memory load on the system
#   Increase physical memory or swap space
#   Check if swap backing store is full
#   Decrease Java heap size (-Xmx/-Xms)
#   Decrease number of Java threads
#   Decrease Java thread stack sizes (-Xss)
#   Set larger code cache with -XX:ReservedCodeCacheSize=
#   JVM is running with Zero Based Compressed Oops mode in which the Java heap is
#     placed in the first 32GB address space. The Java Heap base address is the
#     maximum limit for the native heap growth. Please use -XX:HeapBaseMinAddress
#     to set the Java Heap base and to place the Java Heap above 32GB virtual address.
# This output file may be truncated or incomplete.
#
#  Out of Memory Error (os_windows.cpp:3766), pid=28288, tid=31840
#
# JRE version:  (25.0.2+1) (build )
# Java VM: OpenJDK 64-Bit Server VM (25.0.2+1-b329.117, mixed mode, sharing, tiered, compressed oops, compressed class ptrs, g1 gc, windows-amd64)
# No core dump will be written. Minidumps are not enabled by default on client versions of Windows
#

---------------  S U M M A R Y ------------

Command Line: git4idea.http.GitAskPassApp Username for 'https://github.com': 

Host: 13th Gen Intel(R) Core(TM) i5-13450HX, 16 cores, 31G,  Windows 10 , 64 bit Build 19041 (10.0.19041.7291)
Time: Sun Jun  7 17:30:46 2026 elapsed time: 0.013710 seconds (0d 0h 0m 0s)

---------------  T H R E A D  ---------------

Current thread (0x0000028262620ba0):  JavaThread "Unknown thread" [_thread_in_vm, id=31840, stack(0x000000ede8a00000,0x000000ede8b00000) (1024K)]

Stack: [0x000000ede8a00000,0x000000ede8b00000]
Native frames: (J=compiled Java code, j=interpreted, Vv=VM code, C=native code)
V  [jvm.dll+0x7c0cc9]  (no source info available)
V  [jvm.dll+0x78a49d]  (no source info available)
V  [jvm.dll+0xa0e693]  (no source info available)
V  [jvm.dll+0xa10e8c]  (no source info available)
V  [jvm.dll+0xa11583]  (no source info available)
V  [jvm.dll+0x307b46]  (no source info available)
V  [jvm.dll+0x7bced5]  (no source info available)
V  [jvm.dll+0x7afe97]  (no source info available)
V  [jvm.dll+0x40159e]  (no source info available)
V  [jvm.dll+0x4093bb]  (no source info available)
V  [jvm.dll+0x3f5bf9]  (no source info available)
V  [jvm.dll+0x3f5eab]  (no source info available)
V  [jvm.dll+0x3cc053]  (no source info available)
V  [jvm.dll+0x3cccbe]  (no source info available)
V  [jvm.dll+0x9d4a07]  (no source info available)
V  [jvm.dll+0x466ce2]  (no source info available)
V  [jvm.dll+0x9b8139]  (no source info available)
V  [jvm.dll+0x508a01]  (no source info available)
V  [jvm.dll+0x50a371]  (no source info available)
C  [jli.dll+0x541a]  (no source info available)
C  [ucrtbase.dll+0x21bb2]  (no source info available)
C  [KERNEL32.DLL+0x17374]  (no source info available)
C  [ntdll.dll+0x4cc91]  (no source info available)

Lock stack of current Java thread (top to bottom):


---------------  P R O C E S S  ---------------

Threads class SMR info:
_java_thread_list=0x00007ffcc6039108, length=0, elements={
}

Java Threads: ( => current thread )
Total: 0

Other Threads:
  0x0000028264950dd0 WorkerThread "GC Thread#0"                     [id=31088, stack(0x000000ede8b00000,0x000000ede8c00000) (1024K)]
  0x0000028264969b60 ConcurrentGCThread "G1 Main Marker"            [id=21264, stack(0x000000ede8c00000,0x000000ede8d00000) (1024K)]
  0x000002826496b710 WorkerThread "G1 Conc#0"                       [id=32180, stack(0x000000ede8d00000,0x000000ede8e00000) (1024K)]

[error occurred during error reporting (printing all threads), id 0xc0000005, EXCEPTION_ACCESS_VIOLATION (0xc0000005) at pc=0x00007ffcc5650caa]
VM state: not at safepoint (not fully initialized)

VM Mutex/Monitor currently owned by a thread:  ([mutex/lock_event])
[0x00007ffcc60c1d10] Heap_lock - owner thread: 0x0000028262620ba0

Heap address: 0x0000000606400000, size: 8092 MB, Compressed Oops mode: Zero based, Oop shift amount: 3

CDS archive(s) mapped at: [0x0000000000000000-0x0000000000000000-0x0000000000000000), size 0, SharedBaseAddress: 0x0000000800000000, ArchiveRelocationMode: 1.
UseCompressedClassPointers 1, UseCompactObjectHeaders 0
Narrow klass pointer bits 32, Max shift 3
Narrow klass base: 0xffffffffffffffff, Narrow klass shift: -1
Encoding Range: [0xffffffffffffffff - 0x000000007fffffff), (2147483648 bytes)
Klass Range:    [0x0000000000000000 - 0x0000000000000000), (0 bytes)
Klass ID Range:  [4294967295 - 0) (1)
No protection zone.

GC Precious Log:
 CardTable entry size: 512
 Card Set container configuration: InlinePtr #cards 4 size 8 Array Of Cards #cards 32 size 80 Howl #buckets 8 coarsen threshold 7372 Howl Bitmap #cards 1024 size 144 coarsen threshold 921 Card regions per heap region 1 cards per card region 8192

Heap:
 garbage-first heap   total reserved 8286208K, committed 0K, used 0K [0x0000000606400000, 0x0000000800000000)
  region size 4096K, 0 young (0K), 0 survivors (0K)

Heap Regions: E=young(eden), S=young(survivor), O=old, HS=humongous(starts), HC=humongous(continues), CS=collection set, F=free, TAMS=top-at-mark-start, PB=parsable bottom

Card table byte_map: [0x0000028279500000,0x000002827a4d0000] _byte_map_base: 0x00000282764ce000

Marking Bits: (CMBitMap*) 0x0000028264951560
 Bits: [0x0000028200000000, 0x0000028207e70000)

GC Heap Usage History (0 events):
No events

Metaspace Usage History (0 events):
No events

Dll operation events (1 events):
Event: 0.009 Loaded shared library D:\Apps\JetBrains\PyCharm 2026.1.2\jbr\bin\java.dll

Deoptimization events (0 events):
No events

Classes loaded (0 events):
No events

Classes unloaded (0 events):
No events

Classes redefined (0 events):
No events

Internal exceptions (0 events):
No events

VM Operations (0 events):
No events

Memory protections (0 events):
No events

Nmethod flushes (0 events):
No events

Events (0 events):
No events


Dynamic libraries:
0x00007ff725280000 - 0x00007ff72528a000 	D:\Apps\JetBrains\PyCharm 2026.1.2\jbr\bin\java.exe
0x00007ffd99eb0000 - 0x00007ffd9a0a9000 	C:\WINDOWS\SYSTEM32\ntdll.dll
0x00007ffd99900000 - 0x00007ffd999c2000 	C:\WINDOWS\System32\KERNEL32.DLL
0x00007ffd97820000 - 0x00007ffd97b17000 	C:\WINDOWS\System32\KERNELBASE.dll
0x00007ffd97550000 - 0x00007ffd97650000 	C:\WINDOWS\System32\ucrtbase.dll
0x00007ffd633e0000 - 0x00007ffd633f7000 	D:\Apps\JetBrains\PyCharm 2026.1.2\jbr\bin\jli.dll
0x00007ffd7de40000 - 0x00007ffd7de5e000 	D:\Apps\JetBrains\PyCharm 2026.1.2\jbr\bin\VCRUNTIME140.dll
0x00007ffd98eb0000 - 0x00007ffd9904d000 	C:\WINDOWS\System32\USER32.dll
0x00007ffd97520000 - 0x00007ffd97542000 	C:\WINDOWS\System32\win32u.dll
0x00007ffd80ee0000 - 0x00007ffd8117b000 	C:\WINDOWS\WinSxS\amd64_microsoft.windows.common-controls_6595b64144ccf1df_6.0.19041.6926_none_60b5a53971f8f7e6\COMCTL32.dll
0x00007ffd98250000 - 0x00007ffd9827b000 	C:\WINDOWS\System32\GDI32.dll
0x00007ffd996c0000 - 0x00007ffd9975e000 	C:\WINDOWS\System32\msvcrt.dll
0x00007ffd97b20000 - 0x00007ffd97c3a000 	C:\WINDOWS\System32\gdi32full.dll
0x00007ffd97650000 - 0x00007ffd976ed000 	C:\WINDOWS\System32\msvcp_win.dll
0x00007ffd99e40000 - 0x00007ffd99e6f000 	C:\WINDOWS\System32\IMM32.DLL
0x00007ffd945d0000 - 0x00007ffd945dc000 	D:\Apps\JetBrains\PyCharm 2026.1.2\jbr\bin\vcruntime140_1.dll
0x00007ffd49310000 - 0x00007ffd49399000 	D:\Apps\JetBrains\PyCharm 2026.1.2\jbr\bin\msvcp140.dll
0x00007ffcc5270000 - 0x00007ffcc61c2000 	D:\Apps\JetBrains\PyCharm 2026.1.2\jbr\bin\server\jvm.dll
0x00007ffd98330000 - 0x00007ffd983e1000 	C:\WINDOWS\System32\ADVAPI32.dll
0x00007ffd99860000 - 0x00007ffd998ff000 	C:\WINDOWS\System32\sechost.dll
0x00007ffd97f40000 - 0x00007ffd98066000 	C:\WINDOWS\System32\RPCRT4.dll
0x00007ffd97d20000 - 0x00007ffd97d47000 	C:\WINDOWS\System32\bcrypt.dll
0x00007ffd99050000 - 0x00007ffd990bb000 	C:\WINDOWS\System32\WS2_32.dll
0x00007ffd96900000 - 0x00007ffd9694b000 	C:\WINDOWS\SYSTEM32\POWRPROF.dll
0x00007ffd8e260000 - 0x00007ffd8e287000 	C:\WINDOWS\SYSTEM32\WINMM.dll
0x00007ffd90de0000 - 0x00007ffd90dea000 	C:\WINDOWS\SYSTEM32\VERSION.dll
0x00007ffd968a0000 - 0x00007ffd968b2000 	C:\WINDOWS\SYSTEM32\UMPDC.dll
0x00007ffd95cf0000 - 0x00007ffd95d02000 	C:\WINDOWS\SYSTEM32\kernel.appcore.dll
0x00007ffd906f0000 - 0x00007ffd906fa000 	D:\Apps\JetBrains\PyCharm 2026.1.2\jbr\bin\jimage.dll
0x00007ffd94ee0000 - 0x00007ffd950e1000 	C:\WINDOWS\SYSTEM32\DBGHELP.DLL
0x00007ffd68760000 - 0x00007ffd68794000 	C:\WINDOWS\SYSTEM32\dbgcore.DLL
0x00007ffd97c40000 - 0x00007ffd97cc2000 	C:\WINDOWS\System32\bcryptPrimitives.dll
0x00007ffd633c0000 - 0x00007ffd633df000 	D:\Apps\JetBrains\PyCharm 2026.1.2\jbr\bin\java.dll
0x00007ffd99590000 - 0x00007ffd996bb000 	C:\WINDOWS\System32\ole32.dll
0x00007ffd99230000 - 0x00007ffd99583000 	C:\WINDOWS\System32\combase.dll
0x00007ffd983f0000 - 0x00007ffd98b61000 	C:\WINDOWS\System32\SHELL32.dll

JVMTI agents: none

dbghelp: loaded successfully - version: 4.0.5 - missing functions: none
symbol engine: initialized successfully - sym options: 0x614 - pdb path: .;D:\Apps\JetBrains\PyCharm 2026.1.2\jbr\bin;C:\WINDOWS\SYSTEM32;C:\WINDOWS\WinSxS\amd64_microsoft.windows.common-controls_6595b64144ccf1df_6.0.19041.6926_none_60b5a53971f8f7e6;D:\Apps\JetBrains\PyCharm 2026.1.2\jbr\bin\server

VM Arguments:
java_command: git4idea.http.GitAskPassApp Username for 'https://github.com': 
java_class_path (initial): D:/Apps/JetBrains/PyCharm 2026.1.2/plugins/vcs-git/lib/git4idea-rt.jar;D:/Apps/JetBrains/PyCharm 2026.1.2/lib/externalProcess-rt.jar
Launcher Type: SUN_STANDARD

[Global flags]
     intx CICompilerCount                          = 12                                        {product} {ergonomic}
     uint ConcGCThreads                            = 3                                         {product} {ergonomic}
     uint G1ConcRefinementThreads                  = 13                                        {product} {ergonomic}
   size_t G1HeapRegionSize                         = 4194304                                   {product} {ergonomic}
   size_t InitialHeapSize                          = 532676608                                 {product} {ergonomic}
   size_t MarkStackSize                            = 4194304                                   {product} {ergonomic}
   size_t MarkStackSizeMax                         = 536870912                                 {product} {ergonomic}
   size_t MaxHeapSize                              = 8485076992                                {product} {ergonomic}
   size_t MinHeapDeltaBytes                        = 4194304                                   {product} {ergonomic}
   size_t MinHeapSize                              = 8388608                                   {product} {ergonomic}
    uintx NonNMethodCodeHeapSize                   = 7602176                                {pd product} {ergonomic}
    uintx NonProfiledCodeHeapSize                  = 122093568                              {pd product} {ergonomic}
    uintx ProfiledCodeHeapSize                     = 121962496                              {pd product} {ergonomic}
    uintx ReservedCodeCacheSize                    = 251658240                              {pd product} {ergonomic}
     bool SegmentedCodeCache                       = true                                      {product} {ergonomic}
   size_t SoftMaxHeapSize                          = 8485076992                             {manageable} {ergonomic}
     bool UseCompressedOops                        = true                           {product lp64_product} {ergonomic}
     bool UseG1GC                                  = true                                      {product} {ergonomic}
     bool UseLargePagesIndividualAllocation        = false                                  {pd product} {ergonomic}

Logging:
Log output configuration:
 #0: stdout all=warning uptime,level,tags foldmultilines=false
 #1: stderr all=off uptime,level,tags foldmultilines=false

Release file:
<release file has not been read>
Environment Variables:
PATH=C:/Program Files/Git/mingw64/libexec/git-core;C:/Program Files/Git/mingw64/libexec/git-core;C:\Program Files\Git\mingw64\bin;C:\Program Files\Git\usr\bin;C:\Users\diama\bin;D:\DProjects\vpnbot\.venv\Scripts;C:\Program Files\Eclipse Adoptium\jdk-26.0.1.8-hotspot\bin;C:\Program Files\Eclipse Adoptium\jdk-21.0.11.10-hotspot\bin;C:\Program Files\Eclipse Adoptium\jdk-25.0.3.9-hotspot\bin;C:\WINDOWS\system32;C:\WINDOWS;C:\WINDOWS\System32\Wbem;C:\WINDOWS\System32\WindowsPowerShell\v1.0\;C:\WINDOWS\System32\OpenSSH\;C:\Program Files\NVIDIA Corporation\NVIDIA App\NvDLISR;C:\Program Files (x86)\NVIDIA Corporation\PhysX\Common;C:\Program Files\Go\bin;C:\Program Files\cursor\resources\app\bin;C:\Program Files\nodejs\;C:\Program Files\dotnet\;C:\Program Files\Docker\Docker\resources\bin;C:\ProgramData\chocolatey\bin;C:\Users\diama\AppData\Local\Programs\Python\Python314\Scripts\;C:\Users\diama\AppData\Local\Programs\Python\Python314\;C:\Users\diama\AppData\Local\Microsoft\WindowsApps;C:\Users\diama\AppData\Local\GitHubDesktop\bin;C:\Users\diama\AppData\Local\Programs\cursor\resources\app\bin;C:\Users\diama\go\bin;C:\Users\diama\AppData\Roaming\npm;D:\Apps\JetBrains\PyCharm 2026.1.2\bin
USERNAME=diama
DISPLAY=:0.0
LC_ALL=en_US.UTF-8
TERM=xterm-256color
TMPDIR=C:\Users\diama\AppData\Local\Temp
OS=Windows_NT
PROCESSOR_IDENTIFIER=Intel64 Family 6 Model 183 Stepping 1, GenuineIntel
TMP=C:\Users\diama\AppData\Local\Temp
TEMP=C:\Users\diama\AppData\Local\Temp




Compilation memory statistics disabled.

Periodic native trim disabled

JNI global refs:
JNI global refs: 0, weak refs: 0

JNI global refs memory usage: 0, weak refs: 0

Process memory usage:
Resident Set Size: 12560K (0% of 33142828K total physical memory with 10272700K free physical memory)

OOME stack traces (most recent first):
Classloader memory used:

---------------  S Y S T E M  ---------------

OS:
 Windows 10 , 64 bit Build 19041 (10.0.19041.7291)
OS uptime: 0 days 23:45 hours
Hyper-V role detected

CPU: total 16 (initial active 16) (8 cores per cpu, 2 threads per core) family 6 model 183 stepping 1 microcode 0x12f, cx8, cmov, fxsr, ht, mmx, 3dnowpref, sse, sse2, sse3, ssse3, sse4.1, sse4.2, popcnt, lzcnt, tsc, tscinvbit, avx, avx2, aes, erms, clmul, bmi1, bmi2, adx, sha, fma, vzeroupper, clflush, clflushopt, clwb, hv, rdtscp, rdpid, fsrm, gfni, f16c, cet_ibt, cet_ss
Processor Information for the first 16 processors :
  Max Mhz: 2400, Current Mhz: 2400, Mhz Limit: 2400

Memory: 4k page, system-wide physical 32366M (10031M free)
TotalPageFile size 32366M (AvailPageFile size 88M)
current process WorkingSet (physical memory assigned to process): 12M, peak: 12M
current process commit charge ("private bytes"): 71M, peak: 579M

vm_info: OpenJDK 64-Bit Server VM (25.0.2+1-b329.117) for windows-amd64 JRE (25.0.2+1-b329.117), built on 2026-04-20 with MS VC++ 17.14 (VS2022)

END.
